<?xml version="1.0" encoding="UTF-8"?>
<!-- Generated by org.testng.reporters.JUnitReportReporter -->
<testsuite hostname="10X-Mahendra" name="Tenxlabs.AutomationTesting.TestCase01" tests="1" failures="0" timestamp="31 Jan 2016 14:30:53 GMT" time="0.004" errors="0">
  <testcase name="testMethod" time="0.004" classname="Tenxlabs.AutomationTesting.TestCase01"/>
</testsuite> <!-- Tenxlabs.AutomationTesting.TestCase01 -->
