<?xml version="1.0" encoding="UTF-8"?>
<!-- Generated by org.testng.reporters.JUnitReportReporter -->
<testsuite hostname="10X-Mahendra" name="Tenxlabs.AutomationTesting.ExampleTest" tests="1" failures="0" timestamp="31 Jan 2016 14:30:53 GMT" time="8.831" errors="0">
  <testcase name="testDownload" time="8.831" classname="Tenxlabs.AutomationTesting.ExampleTest"/>
</testsuite> <!-- Tenxlabs.AutomationTesting.ExampleTest -->
