<?xml version="1.0" encoding="UTF-8"?>
<!-- Generated by org.testng.reporters.JUnitReportReporter -->
<testsuite hostname="10X-Mahendra" name="Tenxlabs.AutomationTesting.TestCase02" tests="1" failures="0" timestamp="31 Jan 2016 14:30:53 GMT" time="0.001" errors="0">
  <testcase name="fun" time="0.001" classname="Tenxlabs.AutomationTesting.TestCase02"/>
</testsuite> <!-- Tenxlabs.AutomationTesting.TestCase02 -->
