<?xml version="1.0" encoding="UTF-8"?>
<!-- Generated by org.testng.reporters.JUnitReportReporter -->
<testsuite hostname="10X-Mahendra" name="Tenxlabs.AutomationTesting.ExampleTest" tests="1" failures="0" timestamp="1 Feb 2016 10:09:40 GMT" time="9.151" errors="0">
  <testcase name="testDownload" time="9.151" classname="Tenxlabs.AutomationTesting.ExampleTest"/>
</testsuite> <!-- Tenxlabs.AutomationTesting.ExampleTest -->
