<?xml version="1.0" encoding="UTF-8"?>
<!-- Generated by org.testng.reporters.JUnitReportReporter -->
<testsuite hostname="10X-Mahendra" name="Tenxlabs.AutomationTesting.TestCase01" tests="1" failures="0" timestamp="31 Jan 2016 17:01:44 GMT" time="0.002" errors="0">
  <testcase name="testMethod" time="0.002" classname="Tenxlabs.AutomationTesting.TestCase01"/>
</testsuite> <!-- Tenxlabs.AutomationTesting.TestCase01 -->
